2021-07-04 08:50:54.151  INFO 18104 --- [main] c.e.ecommerce.EcommerceAppApplication    : Starting EcommerceAppApplication on REDENCAO-015591 with PID 18104 (C:\Users\jlv\Documents\workspace-spring-tool-suite-4-4.8.0.RELEASE\ecommerce-app\target\classes started by jlv in C:\Users\jlv\Documents\workspace-spring-tool-suite-4-4.8.0.RELEASE\ecommerce-app)
2021-07-04 08:50:54.154  INFO 18104 --- [main] c.e.ecommerce.EcommerceAppApplication    : No active profile set, falling back to default profiles: default
2021-07-04 08:50:55.270  INFO 18104 --- [main] .s.d.r.c.RepositoryConfigurationDelegate : Bootstrapping Spring Data repositories in DEFAULT mode.
2021-07-04 08:50:55.423  INFO 18104 --- [main] .s.d.r.c.RepositoryConfigurationDelegate : Finished Spring Data repository scanning in 142ms. Found 4 repository interfaces.
2021-07-04 08:50:56.060  INFO 18104 --- [main] trationDelegate$BeanPostProcessorChecker : Bean 'org.springframework.transaction.annotation.ProxyTransactionManagementConfiguration' of type [org.springframework.transaction.annotation.ProxyTransactionManagementConfiguration$$EnhancerBySpringCGLIB$$f69b89bb] is not eligible for getting processed by all BeanPostProcessors (for example: not eligible for auto-proxying)
2021-07-04 08:50:56.550  INFO 18104 --- [main] o.s.b.w.embedded.tomcat.TomcatWebServer  : Tomcat initialized with port(s): 8090 (http)
2021-07-04 08:50:56.583  INFO 18104 --- [main] o.apache.catalina.core.StandardService   : Starting service [Tomcat]
2021-07-04 08:50:56.584  INFO 18104 --- [main] org.apache.catalina.core.StandardEngine  : Starting Servlet engine: [Apache Tomcat/9.0.19]
2021-07-04 08:50:56.793  INFO 18104 --- [main] o.a.c.c.C.[Tomcat].[localhost].[/]       : Initializing Spring embedded WebApplicationContext
2021-07-04 08:50:56.793  INFO 18104 --- [main] o.s.web.context.ContextLoader            : Root WebApplicationContext: initialization completed in 2596 ms
2021-07-04 08:50:56.992  INFO 18104 --- [main] com.zaxxer.hikari.HikariDataSource       : HikariPool-1 - Starting...
2021-07-04 08:50:57.194  INFO 18104 --- [main] com.zaxxer.hikari.HikariDataSource       : HikariPool-1 - Start completed.
2021-07-04 08:50:57.276  INFO 18104 --- [main] o.hibernate.jpa.internal.util.LogHelper  : HHH000204: Processing PersistenceUnitInfo [
	name: default
	...]
2021-07-04 08:50:57.381  INFO 18104 --- [main] org.hibernate.Version                    : HHH000412: Hibernate Core {5.3.10.Final}
2021-07-04 08:50:57.382  INFO 18104 --- [main] org.hibernate.cfg.Environment            : HHH000206: hibernate.properties not found
2021-07-04 08:50:57.555  INFO 18104 --- [main] o.hibernate.annotations.common.Version   : HCANN000001: Hibernate Commons Annotations {5.0.4.Final}
2021-07-04 08:50:57.738  INFO 18104 --- [main] org.hibernate.dialect.Dialect            : HHH000400: Using dialect: org.hibernate.dialect.H2Dialect
2021-07-04 08:50:58.552  INFO 18104 --- [main] j.LocalContainerEntityManagerFactoryBean : Initialized JPA EntityManagerFactory for persistence unit 'default'
2021-07-04 08:50:59.252  INFO 18104 --- [main] o.s.s.web.DefaultSecurityFilterChain     : Creating filter chain: any request, [org.springframework.security.web.context.request.async.WebAsyncManagerIntegrationFilter@63ed5dae, org.springframework.security.web.context.SecurityContextPersistenceFilter@b87ea8b, org.springframework.security.web.header.HeaderWriterFilter@67823972, org.springframework.web.filter.CorsFilter@578198d9, org.springframework.security.web.authentication.logout.LogoutFilter@5535e9, com.example.ecommerce.security.JWTAuthenticationFilter@4deca78, com.example.ecommerce.security.JWTAuthenticationVerificationFilter@5f65e0c0, org.springframework.security.web.savedrequest.RequestCacheAwareFilter@594c66c3, org.springframework.security.web.servletapi.SecurityContextHolderAwareRequestFilter@63b0b3dd, org.springframework.security.web.authentication.AnonymousAuthenticationFilter@566cc6af, org.springframework.security.web.session.SessionManagementFilter@16c9e378, org.springframework.security.web.access.ExceptionTranslationFilter@2fb70301, org.springframework.security.web.access.intercept.FilterSecurityInterceptor@3f5ac587]
2021-07-04 08:50:59.446  INFO 18104 --- [main] o.s.s.concurrent.ThreadPoolTaskExecutor  : Initializing ExecutorService 'applicationTaskExecutor'
2021-07-04 08:50:59.498  WARN 18104 --- [main] aWebConfiguration$JpaWebMvcConfiguration : spring.jpa.open-in-view is enabled by default. Therefore, database queries may be performed during view rendering. Explicitly configure spring.jpa.open-in-view to disable this warning
2021-07-04 08:50:59.779  INFO 18104 --- [main] o.s.b.w.embedded.tomcat.TomcatWebServer  : Tomcat started on port(s): 8090 (http) with context path ''
2021-07-04 08:50:59.783  INFO 18104 --- [main] c.e.ecommerce.EcommerceAppApplication    : Started EcommerceAppApplication in 6.013 seconds (JVM running for 6.467)
